<?xml version="1.0" encoding="UTF-8"?>
<testsuite name="StacksAndQueuesTest.NodeTest" tests="3" skipped="0" failures="0" errors="0" timestamp="2021-05-18T20:13:13" hostname="mac.local" time="0.002">
  <properties/>
  <testcase name="node_HasValueField()" classname="StacksAndQueuesTest.NodeTest" time="0.0"/>
  <testcase name="node_CanCreateANewNode()" classname="StacksAndQueuesTest.NodeTest" time="0.0"/>
  <testcase name="node_HasNextField()" classname="StacksAndQueuesTest.NodeTest" time="0.001"/>
  <system-out><![CDATA[]]></system-out>
  <system-err><![CDATA[]]></system-err>
</testsuite>
