<?xml version="1.0" encoding="UTF-8"?>
<testsuite name="SortingAlgorithmsTest.QuickSortTest" tests="6" skipped="0" failures="0" errors="0" timestamp="2021-05-18T21:15:33" hostname="mac.local" time="0.005">
  <properties/>
  <testcase name="quickSort_withSortedTwoItemArray_returnsSameArray()" classname="SortingAlgorithmsTest.QuickSortTest" time="0.001"/>
  <testcase name="swap_withUnsortedTwoItemArrayAndTheirIndexes_createsAReversedArray()" classname="SortingAlgorithmsTest.QuickSortTest" time="0.001"/>
  <testcase name="pivot_withUnsortedThreeItemArray_returnsPivot()" classname="SortingAlgorithmsTest.QuickSortTest" time="0.0"/>
  <testcase name="quickSort_withSingleItemParam_returnsSameArray()" classname="SortingAlgorithmsTest.QuickSortTest" time="0.0"/>
  <testcase name="quickSort_withUnsortedThreeItemArray_returnsOrderedArray()" classname="SortingAlgorithmsTest.QuickSortTest" time="0.0"/>
  <testcase name="quickSort_withEmptyArray_returnsEmptyArray()" classname="SortingAlgorithmsTest.QuickSortTest" time="0.001"/>
  <system-out><![CDATA[]]></system-out>
  <system-err><![CDATA[]]></system-err>
</testsuite>
